<?xml version="1.0" encoding="UTF-8"?>
<testsuite xmlns:xsi="http://www.w3.org/2001/XMLSchema-instance" xsi:noNamespaceSchemaLocation="https://maven.apache.org/surefire/maven-surefire-plugin/xsd/surefire-test-report-3.0.xsd" version="3.0" name="ecommerce2.servidor.ClienteTest" time="0.279" tests="10" errors="0" skipped="0" failures="0">
  <properties>
[...]
</properties>
  <testcase name="shoulCheckLoginFalse" classname="ecommerce2.servidor.ClienteTest" time="0.1"/>
  <testcase name="shouldGetCpf" classname="ecommerce2.servidor.ClienteTest" time="0.002"/>
  <testcase name="shouldSetCpf" classname="ecommerce2.servidor.ClienteTest" time="0.002"/>
  <testcase name="shouldSetId" classname="ecommerce2.servidor.ClienteTest" time="0.001"/>
  <testcase name="shouldGetName" classname="ecommerce2.servidor.ClienteTest" time="0.004"/>
  <testcase name="shouldAddClientToDatabase" classname="ecommerce2.servidor.ClienteTest" time="0.047"/>
  <testcase name="shouldCheckLoginClient1" classname="ecommerce2.servidor.ClienteTest" time="0.007"/>
  <testcase name="shouldCheckLoginClient2" classname="ecommerce2.servidor.ClienteTest" time="0.007"/>
  <testcase name="shouldGetIdClient" classname="ecommerce2.servidor.ClienteTest" time="0.002"/>
  <testcase name="shouldSetName" classname="ecommerce2.servidor.ClienteTest" time="0.004"/>
</testsuite>