<?xml version="1.0" encoding="UTF-8"?>
<testsuite xmlns:xsi="http://www.w3.org/2001/XMLSchema-instance" xsi:noNamespaceSchemaLocation="https://maven.apache.org/surefire/maven-surefire-plugin/xsd/surefire-test-report-3.0.xsd" version="3.0" name="ecommerce2.servidor.ProdutoTest" time="0.063" tests="10" errors="0" skipped="0" failures="0">
  <properties>
[...]
</properties>
  <testcase name="shouldSetIdProduct" classname="ecommerce2.servidor.ProdutoTest" time="0.005"/>
  <testcase name="shouldSetEcommerceName" classname="ecommerce2.servidor.ProdutoTest" time="0.003"/>
  <testcase name="shouldGetNameProduct" classname="ecommerce2.servidor.ProdutoTest" time="0.002"/>
  <testcase name="shouldGetPriceProduct" classname="ecommerce2.servidor.ProdutoTest" time="0.009"/>
  <testcase name="shouldGetDescriptionProduct" classname="ecommerce2.servidor.ProdutoTest" time="0.001"/>
  <testcase name="shouldSetPriceProduct" classname="ecommerce2.servidor.ProdutoTest" time="0.004"/>
  <testcase name="shouldGetEcommerceName" classname="ecommerce2.servidor.ProdutoTest" time="0.005"/>
  <testcase name="shouldSetNameProduct" classname="ecommerce2.servidor.ProdutoTest" time="0.009"/>
  <testcase name="shouldGetIdProduct" classname="ecommerce2.servidor.ProdutoTest" time="0.003"/>
  <testcase name="shouldSetDescriptionProduct" classname="ecommerce2.servidor.ProdutoTest" time="0.004"/>
</testsuite>