<?xml version="1.0" encoding="UTF-8"?>
<testsuite xmlns:xsi="http://www.w3.org/2001/XMLSchema-instance" xsi:noNamespaceSchemaLocation="https://maven.apache.org/surefire/maven-surefire-plugin/xsd/surefire-test-report-3.0.xsd" version="3.0" name="ecommerce2.servidor.EcommerceTest" time="0.05" tests="11" errors="0" skipped="0" failures="0">
  <properties>
[...]
</properties>
  <testcase name="shouldVisualizePedidosDatabase" classname="ecommerce2.servidor.EcommerceTest" time="0.009"/>
  <testcase name="shouldGetIdEcommerce" classname="ecommerce2.servidor.EcommerceTest" time="0.001"/>
  <testcase name="shouldSetNomeEcommerce" classname="ecommerce2.servidor.EcommerceTest" time="0.002"/>
  <testcase name="shouldAddProductsToPedidoAndAddPedidoToEcommerce" classname="ecommerce2.servidor.EcommerceTest" time="0.003"/>
  <testcase name="shouldVisualizeTwoProdutosDatabase" classname="ecommerce2.servidor.EcommerceTest" time="0.002"/>
  <testcase name="shouldVisualizeEcommerceDatabase" classname="ecommerce2.servidor.EcommerceTest" time="0.003"/>
  <testcase name="shouldAddEcommerceToDatabase" classname="ecommerce2.servidor.EcommerceTest" time="0.002"/>
  <testcase name="shouldVisualizeTwoEcommerceDatabase" classname="ecommerce2.servidor.EcommerceTest" time="0.001"/>
  <testcase name="shouldAddProductsToEcommerceDatabase" classname="ecommerce2.servidor.EcommerceTest" time="0.001"/>
  <testcase name="shouldGetNomeEcommerce" classname="ecommerce2.servidor.EcommerceTest" time="0.004"/>
  <testcase name="shouldSetIdEcommerce" classname="ecommerce2.servidor.EcommerceTest" time="0.002"/>
</testsuite>